########### array before sorts ###########
0	3.810000	17.780000	61.900000	17.780000	n
1	61.900000	17.780000	61.900000	66.030000	n
2	61.900000	66.030000	3.810000	66.030000	n
3	3.810000	66.030000	3.810000	17.780000	n
Tolerance=0.050000.
*Exact match for i=0 and j=1.
*i point 3.810000	17.780000	61.900000	17.780000	y
*Exact match for i=1 and j=2.
*i point 61.900000	17.780000	61.900000	66.030000	y
*Exact match for i=2 and j=3.
*i point 61.900000	66.030000	3.810000	66.030000	y
########### array after sorts ###########
0	3.810000	17.780000	61.900000	17.780000	y
1	61.900000	17.780000	61.900000	66.030000	y
2	61.900000	66.030000	3.810000	66.030000	y
3	3.810000	66.030000	3.810000	17.780000	y
***************
.BOARD_OUTLINE UNOWNED
1.6
0     3.810000     17.780000     0
0     61.900000     17.780000     0
0     61.900000     66.030000     0
0     3.810000     66.030000     0
0     3.810000     17.780000     0
